[2017-06-25 22:32:27] [DEBUG] Server:118 - Server is now running
[2017-06-26 01:49:36] [INFO ] Server:121 - Server is now running
[2017-06-26 01:49:40] [INFO ] LoginThread:75 - Start to run a login thread to wait the player's user name
[2017-06-26 01:49:43] [INFO ] LoginThread:85 - Received a user login
[2017-06-26 01:49:43] [INFO ] Server:79 - Adding a new player...
[2017-06-26 01:49:43] [INFO ] ControllerVisitor:35 - connection is trying to run
[2017-06-26 01:49:58] [ERROR] ControllerVisitor:47 - Error occurred in trasmission, closing Connection
[2017-06-26 01:49:58] [INFO ] ControllerVisitor:48 - java.io.EOFException
[2017-06-26 01:51:26] [INFO ] Server:121 - Server is now running
[2017-06-26 01:51:32] [INFO ] LoginThread:75 - Start to run a login thread to wait the player's user name
[2017-06-26 01:51:36] [INFO ] LoginThread:85 - Received a user login
[2017-06-26 01:51:36] [INFO ] Server:79 - Adding a new player...
[2017-06-26 01:51:36] [INFO ] ClientSocket:88 - Starting Connection Thread in ClientSocket
[2017-06-26 01:51:36] [INFO ] ControllerVisitor:35 - connection is trying to run
[2017-06-26 01:51:48] [INFO ] LoginThread:75 - Start to run a login thread to wait the player's user name
[2017-06-26 01:51:52] [INFO ] LoginThread:85 - Received a user login
[2017-06-26 01:51:52] [INFO ] ClientSocket:88 - Starting Connection Thread in ClientSocket
[2017-06-26 01:51:52] [INFO ] Server:79 - Adding a new player...
[2017-06-26 01:51:52] [INFO ] ControllerVisitor:35 - connection is trying to run
[2017-06-26 01:51:54] [INFO ] ServerTimer:22 - Timer expired, starting match
[2017-06-26 01:51:54] [INFO ] ControllerVisitor:91 - ServerView is now running...
[2017-06-26 01:51:55] [INFO ] Player:220 - Player is increasing his resources with: [Wood:2, Stone:2, Slave:3, Money:5]
[2017-06-26 01:51:55] [INFO ] Player:220 - Player is increasing his resources with: [Wood:2, Stone:2, Slave:3, Money:6]
[2017-06-26 01:52:01] [INFO ] InitGameTimer:23 - Timer for the initialization expired
[2017-06-26 01:52:06] [INFO ] InitGameTimer:23 - Timer for the initialization expired
[2017-06-26 01:52:11] [INFO ] InitGameTimer:23 - Timer for the initialization expired
[2017-06-26 01:52:11] [INFO ] InitGameTimer:23 - Timer for the initialization expired
[2017-06-26 01:52:16] [INFO ] InitGameTimer:23 - Timer for the initialization expired
[2017-06-26 01:52:16] [INFO ] InitGameTimer:23 - Timer for the initialization expired
[2017-06-26 01:52:21] [INFO ] InitGameTimer:23 - Timer for the initialization expired
[2017-06-26 01:52:21] [INFO ] InitGameTimer:23 - Timer for the initialization expired
[2017-06-26 01:52:26] [INFO ] InitGameTimer:23 - Timer for the initialization expired
[2017-06-26 01:52:26] [INFO ] InitGameTimer:23 - Timer for the initialization expired
[2017-06-26 01:52:26] [DEBUG] GameLogic:526 - Player: 1 is playing...
[2017-06-26 01:52:31] [INFO ] ControllerVisitor:31 - Timer for the player move expired
[2017-06-26 01:52:31] [DEBUG] GameLogic:526 - Player: 2 is playing...
[2017-06-26 01:52:36] [INFO ] ControllerVisitor:31 - Timer for the player move expired
[2017-06-26 01:52:36] [DEBUG] GameLogic:526 - Player: 1 is playing...
[2017-06-26 01:52:41] [INFO ] ControllerVisitor:31 - Timer for the player move expired
[2017-06-26 01:52:41] [DEBUG] GameLogic:526 - Player: 2 is playing...
[2017-06-26 01:52:46] [INFO ] ControllerVisitor:31 - Timer for the player move expired
[2017-06-26 01:52:46] [DEBUG] GameLogic:526 - Player: 1 is playing...
[2017-06-26 01:52:47] [ERROR] ControllerVisitor:47 - Error occurred in trasmission, closing Connection
[2017-06-26 01:52:47] [INFO ] ControllerVisitor:48 - java.net.SocketException: Connection reset
[2017-06-26 01:52:51] [INFO ] ControllerVisitor:31 - Timer for the player move expired
[2017-06-26 01:52:51] [DEBUG] GameLogic:526 - Player: 2 is playing...
[2017-06-26 01:52:51] [ERROR] ControllerVisitor:86 - Error in sending the new message 
[2017-06-26 01:52:51] [INFO ] ControllerVisitor:87 - Stop the connection, active = false
[2017-06-26 01:52:51] [INFO ] ControllerVisitor:88 - java.net.SocketException: Socket closed
[2017-06-26 01:52:51] [INFO ] ControllerVisitor:129 - The player is disconnected so remove his connection
[2017-06-26 01:52:51] [INFO ] ControllerVisitor:130 - java.io.IOException
