[2017-06-26 11:57:39] [INFO ] Server:123 - Server is now running
[2017-06-26 11:57:47] [INFO ] LoginThread:77 - Start to run a login thread to wait the player's user name
[2017-06-26 11:57:55] [INFO ] LoginThread:87 - Received a user login
[2017-06-26 11:57:55] [INFO ] Server:81 - Adding a new player...
[2017-06-26 11:57:55] [INFO ] ControllerVisitor:37 - connection is trying to run
[2017-06-26 11:58:04] [INFO ] LoginThread:77 - Start to run a login thread to wait the player's user name
[2017-06-26 11:58:08] [INFO ] LoginThread:87 - Received a user login
[2017-06-26 11:58:08] [INFO ] Server:81 - Adding a new player...
[2017-06-26 11:58:08] [INFO ] ControllerVisitor:37 - connection is trying to run
[2017-06-26 11:58:10] [INFO ] ServerTimer:22 - Timer expired, starting match
[2017-06-26 11:58:10] [INFO ] ControllerVisitor:91 - ServerView is now running...
[2017-06-26 11:58:10] [INFO ] ControllerVisitor:84 - new msg to send
[2017-06-26 11:58:10] [INFO ] ControllerVisitor:84 - new msg to send
[2017-06-26 11:58:11] [INFO ] Player:222 - Player is increasing his resources with: [Wood:2, Stone:2, Slave:3, Money:5]
[2017-06-26 11:58:11] [INFO ] Player:222 - Player is increasing his resources with: [Wood:2, Stone:2, Slave:3, Money:6]
[2017-06-26 11:58:11] [INFO ] CardsThirdPeriod:14 - Load first period cards
[2017-06-26 11:58:12] [INFO ] ControllerVisitor:84 - new msg to send
[2017-06-26 11:58:12] [INFO ] ControllerVisitor:84 - new msg to send
[2017-06-26 11:58:17] [INFO ] InitGameTimer:23 - Timer for the initialization expired
[2017-06-26 11:58:17] [INFO ] ControllerVisitor:84 - new msg to send
[2017-06-26 11:58:17] [INFO ] ControllerVisitor:84 - new msg to send
[2017-06-26 11:58:22] [INFO ] InitGameTimer:23 - Timer for the initialization expired
[2017-06-26 11:58:22] [INFO ] ControllerVisitor:84 - new msg to send
[2017-06-26 11:58:22] [INFO ] ControllerVisitor:84 - new msg to send
[2017-06-26 11:58:22] [INFO ] ControllerVisitor:84 - new msg to send
[2017-06-26 11:58:22] [INFO ] ControllerVisitor:84 - new msg to send
[2017-06-26 11:58:27] [INFO ] InitGameTimer:23 - Timer for the initialization expired
[2017-06-26 11:58:27] [INFO ] InitGameTimer:23 - Timer for the initialization expired
[2017-06-26 11:58:27] [INFO ] ControllerVisitor:84 - new msg to send
[2017-06-26 11:58:27] [INFO ] ControllerVisitor:84 - new msg to send
[2017-06-26 11:58:27] [INFO ] ControllerVisitor:84 - new msg to send
[2017-06-26 11:58:27] [INFO ] ControllerVisitor:84 - new msg to send
[2017-06-26 11:58:32] [INFO ] InitGameTimer:23 - Timer for the initialization expired
[2017-06-26 11:58:32] [INFO ] InitGameTimer:23 - Timer for the initialization expired
[2017-06-26 11:58:32] [INFO ] ControllerVisitor:84 - new msg to send
[2017-06-26 11:58:32] [INFO ] ControllerVisitor:84 - new msg to send
[2017-06-26 11:58:32] [INFO ] ControllerVisitor:84 - new msg to send
[2017-06-26 11:58:32] [INFO ] ControllerVisitor:84 - new msg to send
[2017-06-26 11:58:37] [INFO ] InitGameTimer:23 - Timer for the initialization expired
[2017-06-26 11:58:37] [INFO ] InitGameTimer:23 - Timer for the initialization expired
[2017-06-26 11:58:37] [INFO ] ControllerVisitor:84 - new msg to send
[2017-06-26 11:58:37] [INFO ] ControllerVisitor:84 - new msg to send
[2017-06-26 11:58:37] [INFO ] ControllerVisitor:84 - new msg to send
[2017-06-26 11:58:37] [INFO ] ControllerVisitor:84 - new msg to send
[2017-06-26 11:58:40] [INFO ] LoginThread:77 - Start to run a login thread to wait the player's user name
[2017-06-26 11:58:42] [INFO ] InitGameTimer:23 - Timer for the initialization expired
[2017-06-26 11:58:42] [INFO ] InitGameTimer:23 - Timer for the initialization expired
[2017-06-26 11:58:42] [INFO ] ControllerVisitor:84 - new msg to send
[2017-06-26 11:58:42] [INFO ] ControllerVisitor:84 - new msg to send
[2017-06-26 11:58:42] [INFO ] ControllerVisitor:84 - new msg to send
[2017-06-26 11:58:42] [INFO ] ControllerVisitor:84 - new msg to send
[2017-06-26 11:58:42] [INFO ] ControllerVisitor:84 - new msg to send
[2017-06-26 11:58:42] [INFO ] ControllerVisitor:84 - new msg to send
[2017-06-26 11:58:42] [INFO ] ControllerVisitor:84 - new msg to send
[2017-06-26 11:58:42] [INFO ] ControllerVisitor:84 - new msg to send
[2017-06-26 11:58:42] [INFO ] CardsThirdPeriod:20 - Load first period cards, second part
[2017-06-26 11:58:42] [INFO ] ControllerVisitor:84 - new msg to send
[2017-06-26 11:58:42] [INFO ] ControllerVisitor:84 - new msg to send
[2017-06-26 11:58:42] [DEBUG] GameLogic:527 - Player: 1 is playing...
[2017-06-26 11:58:42] [INFO ] ControllerVisitor:84 - new msg to send
[2017-06-26 11:58:42] [INFO ] ControllerVisitor:84 - new msg to send
[2017-06-26 11:58:47] [INFO ] ControllerVisitor:31 - Timer for the player move expired
[2017-06-26 11:58:47] [DEBUG] GameLogic:527 - Player: 2 is playing...
[2017-06-26 11:58:47] [INFO ] ControllerVisitor:84 - new msg to send
[2017-06-26 11:58:47] [INFO ] ControllerVisitor:84 - new msg to send
[2017-06-26 11:58:48] [INFO ] LoginThread:87 - Received a user login
[2017-06-26 11:58:50] [INFO ] LoginThread:87 - Received a user login
[2017-06-26 11:58:51] [INFO ] LoginThread:87 - Received a user login
[2017-06-26 11:58:52] [INFO ] ControllerVisitor:31 - Timer for the player move expired
[2017-06-26 11:58:52] [DEBUG] GameLogic:527 - Player: 1 is playing...
[2017-06-26 11:58:52] [INFO ] ControllerVisitor:84 - new msg to send
[2017-06-26 11:58:52] [INFO ] ControllerVisitor:84 - new msg to send
[2017-06-26 11:58:53] [INFO ] LoginThread:87 - Received a user login
[2017-06-26 11:58:54] [INFO ] LoginThread:87 - Received a user login
[2017-06-26 11:58:54] [INFO ] Server:81 - Adding a new player...
[2017-06-26 11:58:54] [INFO ] ControllerVisitor:37 - connection is trying to run
[2017-06-26 11:58:57] [INFO ] ControllerVisitor:31 - Timer for the player move expired
[2017-06-26 11:58:57] [DEBUG] GameLogic:527 - Player: 2 is playing...
[2017-06-26 11:58:57] [INFO ] ControllerVisitor:84 - new msg to send
[2017-06-26 11:58:57] [INFO ] ControllerVisitor:84 - new msg to send
[2017-06-26 11:59:02] [INFO ] ControllerVisitor:31 - Timer for the player move expired
[2017-06-26 11:59:02] [DEBUG] GameLogic:527 - Player: 1 is playing...
[2017-06-26 11:59:02] [INFO ] ControllerVisitor:84 - new msg to send
[2017-06-26 11:59:02] [INFO ] ControllerVisitor:84 - new msg to send
[2017-06-26 11:59:07] [INFO ] ControllerVisitor:31 - Timer for the player move expired
[2017-06-26 11:59:07] [DEBUG] GameLogic:527 - Player: 2 is playing...
[2017-06-26 11:59:07] [INFO ] ControllerVisitor:84 - new msg to send
[2017-06-26 11:59:07] [INFO ] ControllerVisitor:84 - new msg to send
